<?xml version="1.0" encoding="UTF-8" ?>
<testsuite 
errors="0" failures="0" hostname="Katherines-MacBook-Air-2.local" name="chompdb.store.FileStoreTest" tests="3" time="66.217" timestamp="2013-12-11T02:31:51">
  <properties>
[...]
</properties>
  <testcase 
  name="FileStore should write and read back data" classname="chompdb.store.FileStoreTest" time="0.048">
</testcase>
  <testcase 
  name="FileStore should support large amounts of data" classname="chompdb.store.FileStoreTest" time="2.658">
</testcase>
  <testcase 
  name="FileStore should not leak file descriptors when reading/writing" classname="chompdb.store.FileStoreTest" time="63.491">
</testcase>
  <system-out><![CDATA[]]></system-out>
  <system-err><![CDATA[]]></system-err>
</testsuite>
